<?xml version="1.0" encoding="UTF-8"?>
<testng-results ignored="0" total="1" passed="1" failed="0" skipped="0">
  <reporter-output>
  </reporter-output>
  <suite started-at="2022-12-05T13:52:26 GMT" name="Default suite" finished-at="2022-12-05T13:52:46 GMT" duration-ms="19191">
    <groups>
    </groups>
    <test started-at="2022-12-05T13:52:26 GMT" name="Default test" finished-at="2022-12-05T13:52:46 GMT" duration-ms="19191">
      <class name="tests.testfilters">
        <test-method is-config="true" signature="openbrowser()[pri:0, instance:tests.testfilters@5acf93bb]" started-at="2022-12-05T13:52:26 GMT" name="openbrowser" finished-at="2022-12-05T13:52:35 GMT" duration-ms="8260" status="PASS">
          <reporter-output>
          </reporter-output>
        </test-method> <!-- openbrowser -->
        <test-method signature="testvalidfilter()[pri:0, instance:tests.testfilters@5acf93bb]" started-at="2022-12-05T13:52:35 GMT" name="testvalidfilter" finished-at="2022-12-05T13:52:45 GMT" duration-ms="10108" status="PASS">
          <reporter-output>
          </reporter-output>
        </test-method> <!-- testvalidfilter -->
        <test-method is-config="true" signature="closebrowser()[pri:0, instance:tests.testfilters@5acf93bb]" started-at="2022-12-05T13:52:45 GMT" name="closebrowser" finished-at="2022-12-05T13:52:46 GMT" duration-ms="770" status="PASS">
          <reporter-output>
          </reporter-output>
        </test-method> <!-- closebrowser -->
      </class> <!-- tests.testfilters -->
    </test> <!-- Default test -->
  </suite> <!-- Default suite -->
</testng-results>
